\BOOKMARK [0][-]{chapter.1}{\376\377\000M\000a\000r\000k\000e\000t\000i\000n\000g}{}% 1
\BOOKMARK [0][-]{chapter.2}{\376\377\000F\000i\000n\000a\000n\000c\000e}{}% 2
\BOOKMARK [1][-]{section.2.1}{\376\377\000A\000n\000a\000l\000y\000s\000e\000\040\000f\000i\000n\000a\000n\000c\000i\000\350\000r\000e\000\040\000d\000e\000s\000\040\000r\000a\000t\000i\000o\000s}{chapter.2}% 3
\BOOKMARK [2][-]{subsection.2.1.1}{\376\377\000M\000a\000r\000g\000e\000\040\000N\000e\000t\000t\000e\000\040\000s\000u\000r\000\040\000v\000e\000n\000t\000e}{section.2.1}% 4
\BOOKMARK [2][-]{subsection.2.1.2}{\376\377\000T\000a\000u\000x\000\040\000d\000e\000\040\000v\000a\000l\000e\000u\000r\000\040\000a\000j\000o\000u\000t\000\351\000e}{section.2.1}% 5
\BOOKMARK [2][-]{subsection.2.1.3}{\376\377\000V\000a\000l\000e\000u\000r\000\040\000a\000j\000o\000u\000t\000\351\000e\000\040\000p\000a\000r\000\040\000p\000e\000r\000s\000o\000n\000n\000e\000\040\000o\000c\000c\000u\000p\000\351\000e}{section.2.1}% 6
\BOOKMARK [2][-]{subsection.2.1.4}{\376\377\000R\000e\000n\000t\000a\000b\000i\000l\000i\000t\000\351\000\040\000n\000e\000t\000t\000e\000\040\000d\000e\000s\000\040\000c\000a\000p\000i\000t\000a\000u\000x\000\040\000p\000r\000o\000p\000r\000e\000\040\000a\000p\000r\000\350\000s\000\040\000i\000m\000p\000\364\000t}{section.2.1}% 7
\BOOKMARK [2][-]{subsection.2.1.5}{\376\377\000C\000a\000s\000h\000-\000f\000l\000o\000w\000\040\000/\000\040\000C\000a\000p\000i\000t\000a\000u\000x\000\040\000p\000r\000o\000p\000r\000e\000s}{section.2.1}% 8
\BOOKMARK [2][-]{subsection.2.1.6}{\376\377\000L\000i\000q\000u\000i\000d\000i\000t\000\351\000\040\000a\000u\000\040\000s\000e\000n\000s\000\040\000s\000t\000r\000i\000c\000t}{section.2.1}% 9
\BOOKMARK [2][-]{subsection.2.1.7}{\376\377\000N\000o\000m\000b\000r\000e\000\040\000d\000e\000\040\000j\000o\000u\000r\000\040\000d\000e\000\040\000c\000r\000\351\000d\000i\000t\000\040\000c\000l\000i\000e\000n\000t}{section.2.1}% 10
\BOOKMARK [2][-]{subsection.2.1.8}{\376\377\000N\000o\000m\000b\000r\000e\000\040\000d\000e\000\040\000j\000o\000u\000r\000\040\000d\000e\000\040\000c\000r\000\351\000d\000i\000t\000\040\000f\000o\000u\000r\000n\000i\000s\000s\000e\000u\000r}{section.2.1}% 11
\BOOKMARK [2][-]{subsection.2.1.9}{\376\377\000S\000o\000l\000v\000a\000b\000i\000l\000i\000t\000\351}{section.2.1}% 12
\BOOKMARK [2][-]{subsection.2.1.10}{\376\377\000P\000a\000r\000t\000\040\000d\000e\000s\000\040\000f\000r\000a\000i\000s\000\040\000d\000e\000\040\000p\000e\000r\000s\000o\000n\000n\000e\000l\000\040\000d\000a\000n\000s\000\040\000l\000a\000\040\000v\000a\000l\000e\000u\000r\000\040\000a\000j\000o\000u\000t\000\351\000e}{section.2.1}% 13
\BOOKMARK [1][-]{section.2.2}{\376\377\000C\000o\000n\000t\000e\000x\000t\000e\000\040\000e\000t\000\040\000o\000b\000j\000e\000c\000t\000i\000f\000\040\000l\000o\000g\000i\000s\000t\000i\000q\000u\000e}{chapter.2}% 14
\BOOKMARK [1][-]{section.2.3}{\376\377\000M\000\351\000t\000h\000o\000d\000o\000l\000o\000g\000i\000e\000\040\000r\000e\000t\000e\000n\000u\000e\000\040\000:\000\040\000Q\000Q\000O\000Q\000C\000P}{chapter.2}% 15
\BOOKMARK [1][-]{section.2.4}{\376\377\000C\000h\000a\000\356\000n\000e\000\040\000l\000o\000g\000i\000s\000t\000i\000q\000u\000e\000\040\000:\000\040\000f\000l\000u\000x\000\040\000e\000t\000\040\000\351\000t\000a\000p\000e\000s}{chapter.2}% 16
\BOOKMARK [2][-]{subsection.2.4.1}{\376\377\000V\000u\000e\000\040\000d\000'\000e\000n\000s\000e\000m\000b\000l\000e}{section.2.4}% 17
\BOOKMARK [2][-]{subsection.2.4.2}{\376\377\000\311\000t\000a\000p\000e\000s\000\040\000o\000p\000\351\000r\000a\000t\000i\000o\000n\000n\000e\000l\000l\000e\000s\000\040\000\050\000p\000r\000o\000c\000e\000s\000s\000u\000s\000\051}{section.2.4}% 18
\BOOKMARK [1][-]{section.2.5}{\376\377\000H\000y\000p\000o\000t\000h\000\350\000s\000e\000s\000\040\000e\000t\000\040\000d\000o\000n\000n\000\351\000e\000s\000\040\000d\000e\000\040\000c\000o\000\373\000t}{chapter.2}% 19
\BOOKMARK [2][-]{subsection.2.5.1}{\376\377\000C\000o\000\373\000t\000s\000\040\000v\000a\000r\000i\000a\000b\000l\000e\000s\000\040\000\050\000p\000a\000r\000\040\000u\000n\000i\000t\000\351\000\040\000p\000r\000o\000d\000u\000i\000t\000e\000\051}{section.2.5}% 20
\BOOKMARK [2][-]{subsection.2.5.2}{\376\377\000C\000o\000\373\000t\000s\000\040\000f\000i\000x\000e\000s\000\040\000\050\000s\000t\000r\000u\000c\000t\000u\000r\000e\000\051}{section.2.5}% 21
\BOOKMARK [1][-]{section.2.6}{\376\377\000O\000r\000g\000a\000n\000i\000s\000a\000t\000i\000o\000n\000,\000\040\000l\000o\000c\000a\000l\000i\000s\000a\000t\000i\000o\000n\000,\000\040\000t\000e\000m\000p\000s\000\040\000e\000t\000\040\000p\000o\000i\000n\000t\000s\000\040\000o\000u\000v\000e\000r\000t\000s}{chapter.2}% 22
\BOOKMARK [2][-]{subsection.2.6.1}{\376\377\000Q\000u\000i\000\040\000?\000\040\000\050\000R\000\364\000l\000e\000s\000\040\000e\000t\000\040\000r\000e\000s\000p\000o\000n\000s\000a\000b\000i\000l\000i\000t\000\351\000s\000\051}{section.2.6}% 23
\BOOKMARK [2][-]{subsection.2.6.2}{\376\377\000O\000\371\000\040\000?\000\040\000\050\000R\000\351\000s\000e\000a\000u\000\040\000e\000t\000\040\000t\000r\000a\000n\000s\000p\000o\000r\000t\000\051}{section.2.6}% 24
\BOOKMARK [2][-]{subsection.2.6.3}{\376\377\000Q\000u\000a\000n\000d\000\040\000?\000\040\000\050\000C\000a\000d\000e\000n\000c\000e\000\040\000e\000t\000\040\000c\000h\000a\000r\000g\000e\000\051}{section.2.6}% 25
\BOOKMARK [2][-]{subsection.2.6.4}{\376\377\000C\000o\000m\000m\000e\000n\000t\000\040\000?\000\040\000\050\000P\000r\000o\000c\000\351\000d\000u\000r\000e\000s\000,\000\040\000m\000o\000y\000e\000n\000s\000,\000\040\000q\000u\000a\000l\000i\000t\000\351\000\051}{section.2.6}% 26
\BOOKMARK [2][-]{subsection.2.6.5}{\376\377\000P\000o\000i\000n\000t\000s\000\040\000\340\000\040\000v\000a\000l\000i\000d\000e\000r\000\040\000\050\000p\000r\000o\000c\000h\000a\000i\000n\000\040\000j\000a\000l\000o\000n\000\051}{section.2.6}% 27
\BOOKMARK [1][-]{section.2.7}{\376\377\000O\000b\000j\000e\000c\000t\000i\000f\000\040\000d\000u\000\040\000v\000o\000l\000e\000t\000\040\000l\000o\000g\000i\000s\000t\000i\000q\000u\000e}{chapter.2}% 28
\BOOKMARK [1][-]{section.2.8}{\376\377\000M\000\351\000t\000h\000o\000d\000e\000\040\000u\000t\000i\000l\000i\000s\000\351\000e\000\040\000:\000\040\000Q\000Q\000O\000Q\000C\000P\000\040\000\050\000s\000t\000r\000u\000c\000t\000u\000r\000e\000\040\000I\000B\000E\000\051}{chapter.2}% 29
\BOOKMARK [1][-]{section.2.9}{\376\377\000C\000h\000a\000\356\000n\000e\000\040\000l\000o\000g\000i\000s\000t\000i\000q\000u\000e\000\040\000i\000m\000a\000g\000i\000n\000\351\000e\000\040\000\050\000\351\000t\000a\000t\000\040\000a\000c\000t\000u\000e\000l\000\051}{chapter.2}% 30
\BOOKMARK [1][-]{section.2.10}{\376\377\000S\000y\000n\000t\000h\000\350\000s\000e\000\040\000c\000o\000\373\000t\000s\000\040\000\050\000d\000o\000n\000n\000\351\000e\000s\000\040\000a\000c\000t\000u\000e\000l\000l\000e\000s\000\051}{chapter.2}% 31
\BOOKMARK [2][-]{subsection.2.10.1}{\376\377\000C\000o\000\373\000t\000\040\000v\000a\000r\000i\000a\000b\000l\000e\000\040\000u\000n\000i\000t\000a\000i\000r\000e\000\040\000\050\000C\000V\000\051}{section.2.10}% 32
\BOOKMARK [2][-]{subsection.2.10.2}{\376\377\000C\000o\000\373\000t\000s\000\040\000f\000i\000x\000e\000s\000\040\000\050\000C\000F\000\051\000\040\000e\000t\000\040\000s\000t\000r\000u\000c\000t\000u\000r\000e}{section.2.10}% 33
\BOOKMARK [1][-]{section.2.11}{\376\377\000P\000o\000i\000n\000t\000s\000\040\000o\000u\000v\000e\000r\000t\000s\000\040\000e\000t\000\040\000p\000r\000o\000c\000h\000a\000i\000n\000e\000s\000\040\000v\000a\000l\000i\000d\000a\000t\000i\000o\000n\000s}{chapter.2}% 34
